C51 COMPILER V9.56.0.0   SERIALLAMPLCD                                                     02/06/2018 16:17:35 PAGE 1   


C51 COMPILER V9.56.0.0, COMPILATION OF MODULE SERIALLAMPLCD
OBJECT MODULE PLACED IN .\Objects\seriallamplcd.obj
COMPILER INVOKED BY: C:\Keil_v5\C51\BIN\C51.EXE seriallamplcd.c OPTIMIZE(8,SPEED) BROWSE DEBUG OBJECTEXTEND PRINT(.\List
                    -ings\seriallamplcd.lst) TABS(2) OBJECT(.\Objects\seriallamplcd.obj)

line level    source

   1          #include<reg51.h>
   2          sbit rs=P3^5;
   3          sbit rw=P3^6;
   4          sbit en=P3^7;
   5          sbit sw=P2^0;
   6          sfr ldat=0x90;
   7          
   8          void lcdcmd(unsigned char);
   9          void lcddat(unsigned char);
  10          void delay(int);
  11          void main()
  12          {
  13   1        int i;
  14   1        char x,o,f;
  15   1        char stat1[10]="lamp on";
  16   1        char stat2[10]="lamp off";
  17   1        
  18   1        lcdcmd(0x38);
  19   1        delay(10);
  20   1        lcdcmd(0x0E);
  21   1        delay(10);
  22   1        lcdcmd(0x01);
  23   1        delay(10);
  24   1        lcdcmd(0x06);
  25   1        delay(10);
  26   1        lcdcmd(0x80);
  27   1        delay(10);
  28   1        
  29   1        SCON=0x50;
  30   1        TMOD=0x20;
  31   1        TH1=0xFD;
  32   1        TR1=1;
  33   1      
  34   1        while(1)
  35   1        {
  36   2          while(RI==0);
  37   2          x=SBUF;
  38   2          if(x=='o')
  39   2          {
  40   3              sw=1;
  41   3            for(i=0;i<10;i++)
  42   3            {
  43   4              lcddat(stat1[i]);
  44   4            }
  45   3            lcdcmd(0x01);
  46   3          }
  47   2          if(x=='f')
  48   2          {
  49   3            sw=0;
  50   3            for(i=0;i<10;i++)
  51   3            {
  52   4              lcddat (stat2[i]);
  53   4            }
  54   3            lcdcmd(0x01);
C51 COMPILER V9.56.0.0   SERIALLAMPLCD                                                     02/06/2018 16:17:35 PAGE 2   

  55   3          
  56   3          lcddat(x);
  57   3          RI=0;
  58   3        }
  59   2       }
  60   1      }
*** WARNING C280 IN LINE 14 OF seriallamplcd.c: 'o': unreferenced local variable
*** WARNING C280 IN LINE 14 OF seriallamplcd.c: 'f': unreferenced local variable
  61          void lcdcmd(char cmd)
  62          {
  63   1        ldat=cmd;
  64   1        rs=0;
  65   1        rw=0;
  66   1        en=1;
  67   1        delay(10);
  68   1        en=0;
  69   1      }
  70          void lcddat(char dat)
  71          {
  72   1        ldat=dat;
  73   1        rs=1;
  74   1        rw=0;
  75   1        en=1;
  76   1        delay(10);
  77   1        en=0;
  78   1      }
  79          void delay(int itime)
  80          {
  81   1        int i,j;
  82   1        for(i=0;i<1000;i++)
  83   1          for(j=0;j<itime;j++);
  84   1      }


MODULE INFORMATION:   STATIC OVERLAYABLE
   CODE SIZE        =    262    ----
   CONSTANT SIZE    =     20    ----
   XDATA SIZE       =   ----    ----
   PDATA SIZE       =   ----    ----
   DATA SIZE        =   ----      25
   IDATA SIZE       =   ----    ----
   BIT SIZE         =   ----    ----
END OF MODULE INFORMATION.


C51 COMPILATION COMPLETE.  2 WARNING(S),  0 ERROR(S)
